C51 COMPILER V9.01   DELAY                                                                 11/27/2020 00:05:50 PAGE 1   


C51 COMPILER V9.01, COMPILATION OF MODULE DELAY
OBJECT MODULE PLACED IN Delay.OBJ
COMPILER INVOKED BY: D:\KEIL4 C51\C51\BIN\C51.EXE Delay.c LARGE BROWSE DEBUG OBJECTEXTEND

line level    source

   1          #include "Delay.h"
   2          
   3          
   4          void Delay1ms(unsigned int y)
   5          {
   6   1              unsigned char a,b,c;
   7   1              for( ; y>0; y--)
   8   1              {
   9   2                      for(c=1;c>0;c--)
  10   2              for(b=142;b>0;b--)
  11   2              for(a=2;a>0;a--);
  12   2              }
  13   1      }


MODULE INFORMATION:   STATIC OVERLAYABLE
   CODE SIZE        =     29    ----
   CONSTANT SIZE    =   ----    ----
   XDATA SIZE       =   ----    ----
   PDATA SIZE       =   ----    ----
   DATA SIZE        =   ----    ----
   IDATA SIZE       =   ----    ----
   BIT SIZE         =   ----    ----
END OF MODULE INFORMATION.


C51 COMPILATION COMPLETE.  0 WARNING(S),  0 ERROR(S)
