C51 COMPILER V9.01   MAIN                                                                  11/27/2020 00:05:50 PAGE 1   


C51 COMPILER V9.01, COMPILATION OF MODULE MAIN
OBJECT MODULE PLACED IN main.OBJ
COMPILER INVOKED BY: D:\KEIL4 C51\C51\BIN\C51.EXE main.c LARGE BROWSE DEBUG OBJECTEXTEND

line level    source

   1          #include "stc12c5a60s2.h"
   2          #include "oled.h"
   3          #include "Io.h"
   4          #include "Delay.h"
   5          #include "Game.h"
   6          
   7          uchar Pate_flag=0;
   8          
   9          uint flag=0;
  10          
  11          uchar Count_Down=0;
  12          extern Time_Down;
  13          
  14          extern x1;
  15          extern y1;
  16          extern x2;
  17          extern y2;
  18          
  19          uchar DisSnake_flag=1;
  20          
  21          uchar Rev_flag=0;
  22          void System_Init()
  23          {
  24   1              FM=0;
  25   1      
  26   1              Led1=0;
  27   1              Led2=0;
  28   1      
  29   1              OLED_Init();
  30   1              OLED_CLS();
  31   1      
  32   1              IT1=1;//设置外部中断为下降沿触发
  33   1              PX1=1;//设置外部中断1为高优先级
  34   1              EX1=1;//开启外部中断1
  35   1              EA=1; //开启总中断
  36   1      
  37   1      }
  38          
  39          
  40          void main()
  41          {
  42   1              System_Init();
  43   1              Pate1();
  44   1              while(1)
  45   1              {
  46   2      
  47   2                      if(Player1_U==0||Player2_U==0)
  48   2                      {
  49   3                              Delay1ms(100);
  50   3                              if(Player1_U==0||Player2_U==0)
  51   3                              {
  52   4                                      if(Pate_flag==2)
  53   4                                      {
  54   5                                              Pate_flag=1;
  55   5                                              Pate2();
C51 COMPILER V9.01   MAIN                                                                  11/27/2020 00:05:50 PAGE 2   

  56   5                                      }
  57   4      
  58   4                                      else if(Pate_flag==1)
  59   4                                      {
  60   5                                              Pate_flag=0;
  61   5                                              Pate1();
  62   5                                      }
  63   4                                      
  64   4                              }
  65   3                              while(Player1_U==0||Player2_U==0);
  66   3                      }
  67   2      
  68   2                      if(Player1_D==0||Player2_D==0)
  69   2                      {
  70   3                              Delay1ms(100);
  71   3                              if(Player1_D==0||Player2_D==0)
  72   3                              {
  73   4                                      if(Pate_flag==0)
  74   4                                      {
  75   5                                              Pate_flag=1;
  76   5                                              Pate2();
  77   5                                      }
  78   4      
  79   4                                      else if(Pate_flag==1)
  80   4                                      {
  81   5                                              Pate_flag=2;
  82   5                                              Pate3();
  83   5                                      }
  84   4                              }
  85   3                              while(Player1_D==0||Player2_D==0);
  86   3                      }
  87   2      
  88   2                      if(flag)
  89   2                      {
  90   3                              switch(Pate_flag)
  91   3                              {
  92   4                                      case 0:
  93   4                                              Game1();
  94   4                                              OLED_CLS();
  95   4                                              Pate1();
  96   4                                              flag=0;
  97   4                                              break;
  98   4                                      case 1:
  99   4                                              Game2();
 100   4                                              OLED_CLS();
 101   4                                              Pate2();
 102   4                                              flag=0;
 103   4                                              break;
 104   4                                      case 2:
 105   4                                              Game3();
 106   4                                              OLED_CLS();
 107   4                                              Pate3();
 108   4                                              flag=0;
 109   4                                              break;
 110   4                                      default:break;
 111   4                              }
 112   3                      }
 113   2      
 114   2              }
 115   1      }
 116          
 117          void Timer0Interrupt(void) interrupt 1
C51 COMPILER V9.01   MAIN                                                                  11/27/2020 00:05:50 PAGE 3   

 118          {
 119   1          TH0 = 0x0D8;
 120   1          TL0 = 0x0F0;//10ms
 121   1      
 122   1              if(Pate_flag==1)
 123   1              {
 124   2                      Count_Down++;
 125   2                      if(Count_Down>=100)
 126   2                      {
 127   3                              Count_Down=0;
 128   3                              Time_Down--;    
 129   3                      }
 130   2              
 131   2                      Rev_flag++;
 132   2                      if(Rev_flag>10)
 133   2                      {
 134   3                              Snake_Move();
 135   3                              Rev_flag=0;
 136   3                      }
 137   2              }
 138   1      
 139   1              if(Pate_flag==2)
 140   1              {
 141   2                      Rev_flag++;
 142   2                      if(Rev_flag>10)
 143   2                      {
 144   3                              B_Move();
 145   3                      }
 146   2              }
 147   1              
 148   1      
 149   1      }
 150          
 151          void  confiem() interrupt 2
 152          {
 153   1              flag=~flag;
 154   1      }


MODULE INFORMATION:   STATIC OVERLAYABLE
   CODE SIZE        =    388    ----
   CONSTANT SIZE    =   ----    ----
   XDATA SIZE       =      6    ----
   PDATA SIZE       =   ----    ----
   DATA SIZE        =   ----    ----
   IDATA SIZE       =   ----    ----
   BIT SIZE         =   ----    ----
END OF MODULE INFORMATION.


C51 COMPILATION COMPLETE.  0 WARNING(S),  0 ERROR(S)
