C51 COMPILER V9.01   SNAKE                                                                 11/23/2020 23:21:57 PAGE 1   


C51 COMPILER V9.01, COMPILATION OF MODULE SNAKE
OBJECT MODULE PLACED IN Snake.OBJ
COMPILER INVOKED BY: D:\KEIL4 C51\C51\BIN\C51.EXE Snake.c BROWSE DEBUG OBJECTEXTEND

line level    source

   1          #include "Snake.h"
   2          #include <stdlib.h>
   3          #include "stdio.h"
   4          
   5          extern flag;
   6          
   7          extern BMP1[];
   8          


MODULE INFORMATION:   STATIC OVERLAYABLE
   CODE SIZE        =   ----    ----
   CONSTANT SIZE    =   ----    ----
   XDATA SIZE       =   ----    ----
   PDATA SIZE       =   ----    ----
   DATA SIZE        =   ----    ----
   IDATA SIZE       =   ----    ----
   BIT SIZE         =   ----    ----
END OF MODULE INFORMATION.


C51 COMPILATION COMPLETE.  0 WARNING(S),  0 ERROR(S)
